[2026-03-29 21:13 AWST] Running health check...
  n8n: DOWN - restarting...
  n8n: restarted
  OpenClaw: RUNNING
  Disk: OK 8% used
  Memory: 1.3Gi/7.8Gi
  Mission Control: OK
 M AGENTS.md
  Agent workspaces: checked
[2026-03-29 21:13 AWST] Health check complete
[2026-03-30 08:00 AWST] Running health check...
  n8n: RUNNING
  OpenClaw: RUNNING
  Disk: OK 8% used
  Memory: 1.8Gi/7.8Gi
  Mission Control: OK
 M SOUL.md
  Agent workspaces: checked
[2026-03-30 08:00 AWST] Health check complete
[2026-03-31 08:00 AWST] Running health check...
  n8n: DOWN - restarting...
  n8n: restarted
  OpenClaw: RUNNING
  Disk: OK 8% used
  Memory: 1.7Gi/7.8Gi
  Mission Control: OK
  Agent workspaces: checked
[2026-03-31 08:00 AWST] Health check complete
[2026-04-01 08:00 AWST] Running health check...
  n8n: RUNNING
  OpenClaw: RUNNING
  Disk: OK 11% used
  Memory: 1.9Gi/7.8Gi
  Mission Control: OK
  Agent workspaces: checked
[2026-04-01 08:00 AWST] Health check complete
[2026-04-02 08:00 AWST] Running health check...
  n8n: RUNNING
  OpenClaw: RUNNING
  Disk: OK 16% used
  Memory: 2.1Gi/7.8Gi
  Mission Control: OK
  Agent workspaces: checked
[2026-04-02 08:00 AWST] Health check complete
[2026-04-03 08:00 AWST] Running health check...
  n8n: RUNNING
  OpenClaw: RUNNING
  Disk: OK 16% used
  Memory: 2.1Gi/7.8Gi
  Mission Control: OK
 M MEMORY.md
  Agent workspaces: checked
[2026-04-03 08:00 AWST] Health check complete
[2026-04-04 08:00 AWST] Running health check...
  n8n: RUNNING
  OpenClaw: RUNNING
  Disk: OK 17% used
  Memory: 1.8Gi/7.8Gi
  Mission Control: OK
  Agent workspaces: checked
[2026-04-04 08:00 AWST] Health check complete
[2026-04-05 08:00 AWST] Running health check...
  n8n: RUNNING
  OpenClaw: RUNNING
  Disk: OK 19% used
  Memory: 3.4Gi/7.8Gi
  Mission Control: OK
  Agent workspaces: checked
[2026-04-05 08:00 AWST] Health check complete
[2026-04-06 08:00 AWST] Running health check...
  n8n: DOWN - restarting...
  n8n: restarted
  OpenClaw: RUNNING
  Disk: OK 20% used
  Memory: 2.5Gi/7.8Gi
  Mission Control: OK
 M docs/EMVY-Case-Study-Template.md
  Agent workspaces: checked
[2026-04-06 08:00 AWST] Health check complete
[2026-04-07 08:00 AWST] Running health check...
  n8n: DOWN - restarting...
  n8n: restarted
  OpenClaw: RUNNING
  Disk: OK 25% used
  Memory: 1.8Gi/7.8Gi
  Mission Control: OK
?? memory/harold/
  Agent workspaces: checked
[2026-04-07 08:00 AWST] Health check complete
[2026-04-08 08:00 AWST] Running health check...
  n8n: DOWN - restarting...
  n8n: restarted
  OpenClaw: RUNNING
  Disk: OK 26% used
  Memory: 2.6Gi/7.8Gi
  Mission Control: OK
  Agent workspaces: checked
[2026-04-08 08:00 AWST] Health check complete
[2026-04-09 08:00 AWST] Running health check...
  n8n: DOWN - restarting...
  n8n: restarted
  OpenClaw: RUNNING
  Disk: OK 27% used
  Memory: 2.9Gi/7.8Gi
  Mission Control: OK
  Agent workspaces: checked
[2026-04-09 08:00 AWST] Health check complete
[2026-04-10 08:00 AWST] Running health check...
  n8n: DOWN - restarting...
  n8n: restarted
  OpenClaw: RUNNING
  Disk: OK 28% used
  Memory: 3.8Gi/7.8Gi
  Mission Control: OK
  Agent workspaces: checked
[2026-04-10 08:00 AWST] Health check complete
[2026-04-11 08:00 AWST] Running health check...
  n8n: DOWN - restarting...
  n8n: restarted
  OpenClaw: RUNNING
  Disk: OK 26% used
  Memory: 3.2Gi/7.8Gi
  Mission Control: OK
  Agent workspaces: checked
[2026-04-11 08:00 AWST] Health check complete
[2026-04-12 08:00 AWST] Running health check...
  n8n: DOWN - restarting...
  n8n: restarted
  OpenClaw: RUNNING
  Disk: OK 27% used
  Memory: 3.7Gi/7.8Gi
  Mission Control: OK
  Agent workspaces: checked
[2026-04-12 08:00 AWST] Health check complete
[2026-04-13 08:00 AWST] Running health check...
  n8n: DOWN - restarting...
  n8n: restarted
  OpenClaw: RUNNING
  Disk: OK 27% used
  Memory: 3.8Gi/7.8Gi
  Mission Control: OK
  Agent workspaces: checked
[2026-04-13 08:00 AWST] Health check complete
