[2026-03-29 23:00 AWST] Running nightly maintenance...
  Syncing workspace-connor/...
[master db64695] auto-sync 2026-03-29 23:00
 22 files changed, 2154 insertions(+), 77 deletions(-)
 create mode 100644 .gitignore
 create mode 100644 PRACTICE-SCHEDULE.md
 create mode 100644 audits/audit-framework-v2.pdf
 create mode 100644 audits/audit-framework.pdf
 create mode 100644 audits/output.pdf
 create mode 100644 audits/practice-001-tradie-plumbing.md
 create mode 100644 guides/AGENT-AUDIT-CRON-SCHEDULE.md
 create mode 100644 guides/AI-AUDIT-FRAMEWORKOW.md
 create mode 100644 guides/AUTONOMY-FRAMEWORK.md
 create mode 100644 guides/SELF-IMPROVEMENT-LOOP.md
 create mode 100644 memory/2026-03-29-session-memory-persist.md
 create mode 100644 practice-LESSONS.md
 create mode 100644 skills/audit-helper.md
 create mode 100644 skills/log-correction.md
 create mode 100644 skills/voice-corrections.md
 create mode 100644 walnuts/audit-walnut/_core/insights.md
 create mode 100644 walnuts/audit-walnut/_core/key.md
 create mode 100644 walnuts/audit-walnut/_core/now.md
 create mode 100644 walnuts/audit-walnut/_core/tasks.md
  Old logs cleaned
Updating mission control dashboard...
Done.
  Mission control updated
[2026-03-29 23:00 AWST] Nightly maintenance complete
[2026-03-30 23:00 AWST] Running nightly maintenance...
  Syncing workspace-connor/...
[master b9e6d69] auto-sync 2026-03-30 23:00
 17 files changed, 2106 insertions(+)
 create mode 100644 skills/self-improving-agent/.clawhub/origin.json
 create mode 100644 skills/self-improving-agent/SKILL.md
 create mode 100644 skills/self-improving-agent/_meta.json
 create mode 100644 skills/self-improving-agent/assets/ERRORS.md
 create mode 100644 skills/self-improving-agent/assets/FEATURE_REQUESTS.md
 create mode 100644 skills/self-improving-agent/assets/LEARNINGS.md
 create mode 100644 skills/self-improving-agent/assets/SKILL-TEMPLATE.md
 create mode 100644 skills/self-improving-agent/hooks/openclaw/HOOK.md
 create mode 100644 skills/self-improving-agent/hooks/openclaw/handler.js
 create mode 100644 skills/self-improving-agent/references/examples.md
 create mode 100644 skills/self-improving-agent/references/hooks-setup.md
 create mode 100644 skills/self-improving-agent/references/openclaw-integration.md
 create mode 100644 skills/self-improving-agent/scripts/activator.sh
 create mode 100644 skills/self-improving-agent/scripts/error-detector.sh
 create mode 100644 skills/self-improving-agent/scripts/extract-skill.sh
  Old logs cleaned
Updating mission control dashboard...
Done.
  Mission control updated
[2026-03-30 23:00 AWST] Nightly maintenance complete
[2026-03-31 23:00 AWST] Running nightly maintenance...
  Syncing workspace-connor/...
On branch master
nothing to commit, working tree clean
  Old logs cleaned
Updating mission control dashboard...
Done.
  Mission control updated
[2026-03-31 23:00 AWST] Nightly maintenance complete
[2026-04-01 23:00 AWST] Running nightly maintenance...
  Syncing workspace-connor/...
On branch master
nothing to commit, working tree clean
  Old logs cleaned
Updating mission control dashboard...
Done.
  Mission control updated
[2026-04-01 23:00 AWST] Nightly maintenance complete
[2026-04-02 23:00 AWST] Running nightly maintenance...
  Syncing workspace-connor/...
[master 7d51895] auto-sync 2026-04-02 23:00
 8 files changed, 30 insertions(+), 26 deletions(-)
  Old logs cleaned
Updating mission control dashboard...
Done.
  Mission control updated
[2026-04-02 23:00 AWST] Nightly maintenance complete
[2026-04-03 23:00 AWST] Running nightly maintenance...
  Syncing workspace-connor/...
[master a5a7556] auto-sync 2026-04-03 23:00
 13 files changed, 2111 insertions(+), 1 deletion(-)
 create mode 100644 AI-AUDIT-SOURCES.md
 create mode 100644 audits/practice-002-apothekary.md
 create mode 100644 audits/practice-003-apothekary-EMVY-BRANDED.md
 create mode 100644 audits/practice-006-ecommerce.md
 create mode 100644 memory/2026-04-03-practice-audit.md
 create mode 100644 templates/BRAND-STYLE.md
 create mode 100644 templates/audit-template-EMVY-BRANDED.md
 create mode 100644 templates/emvy-discovery-form.md
 create mode 100644 templates/post-call-checklist-EMVY-BRANDED.md
  Old logs cleaned
Updating mission control dashboard...
Done.
  Mission control updated
[2026-04-03 23:00 AWST] Nightly maintenance complete
[2026-04-04 23:00 AWST] Running nightly maintenance...
  Syncing workspace-connor/...
[master 34b97b9] auto-sync 2026-04-04 23:00
 2 files changed, 16 insertions(+), 2 deletions(-)
  Old logs cleaned
Updating mission control dashboard...
Done.
  Mission control updated
[2026-04-04 23:00 AWST] Nightly maintenance complete
[2026-04-05 23:00 AWST] Running nightly maintenance...
  Syncing workspace-yuki/...
[main efc560a] auto-sync 2026-04-05 23:00
 3 files changed, 136 insertions(+)
 create mode 100644 memory/2026-04-04.md
 create mode 100644 memory/ops-log.md
  Old logs cleaned
Updating mission control dashboard...
Done.
  Mission control updated
[2026-04-05 23:00 AWST] Nightly maintenance complete
[2026-04-06 23:00 AWST] Running nightly maintenance...
  Syncing workspace-yuki/...
[main 37c3314] auto-sync 2026-04-06 23:00
 11 files changed, 1145 insertions(+), 129 deletions(-)
 create mode 100644 emvy-site/index.html
 create mode 100644 emvy-site/track.py
 create mode 100644 memory/2026-04-06.md
 create mode 100644 memory/base-scout/2026-04-06.md
 create mode 100644 memory/growth-challenges.md
 create mode 100644 research/base-scout/weekly/2026-04-05.md
  Old logs cleaned
Updating mission control dashboard...
Done.
  Mission control updated
[2026-04-06 23:00 AWST] Nightly maintenance complete
[2026-04-07 23:00 AWST] Running nightly maintenance...
  Old logs cleaned
Updating mission control dashboard...
Done.
  Mission control updated
[2026-04-07 23:00 AWST] Nightly maintenance complete
[2026-04-08 23:00 AWST] Running nightly maintenance...
  Old logs cleaned
Updating mission control dashboard...
Done.
  Mission control updated
[2026-04-08 23:00 AWST] Nightly maintenance complete
[2026-04-09 23:00 AWST] Running nightly maintenance...
  Old logs cleaned
Updating mission control dashboard...
Done.
  Mission control updated
[2026-04-09 23:00 AWST] Nightly maintenance complete
[2026-04-10 23:00 AWST] Running nightly maintenance...
  Old logs cleaned
Updating mission control dashboard...
Done.
  Mission control updated
[2026-04-10 23:00 AWST] Nightly maintenance complete
[2026-04-11 23:00 AWST] Running nightly maintenance...
  Old logs cleaned
Updating mission control dashboard...
Done.
  Mission control updated
[2026-04-11 23:00 AWST] Nightly maintenance complete
[2026-04-12 23:00 AWST] Running nightly maintenance...
  Old logs cleaned
Updating mission control dashboard...
Done.
  Mission control updated
[2026-04-12 23:00 AWST] Nightly maintenance complete
